=== puma startup: 2020-07-08 15:13:20 +0000 ===
- Gracefully stopping, waiting for requests to finish
=== puma shutdown: 2020-07-08 15:18:34 +0000 ===
- Goodbye!
=== puma startup: 2020-07-08 15:18:54 +0000 ===
- Gracefully stopping, waiting for requests to finish
=== puma shutdown: 2020-07-08 15:43:02 +0000 ===
- Goodbye!
=== puma startup: 2020-07-08 15:43:10 +0000 ===
- Gracefully stopping, waiting for requests to finish
=== puma shutdown: 2020-07-08 15:50:46 +0000 ===
- Goodbye!
=== puma startup: 2020-07-08 15:50:49 +0000 ===
- Gracefully stopping, waiting for requests to finish
=== puma shutdown: 2020-07-08 15:52:05 +0000 ===
- Goodbye!
=== puma startup: 2020-07-11 02:11:36 +0000 ===
- Gracefully stopping, waiting for requests to finish
=== puma shutdown: 2020-07-11 02:16:29 +0000 ===
- Goodbye!
=== puma startup: 2020-07-11 02:16:37 +0000 ===
- Gracefully stopping, waiting for requests to finish
=== puma shutdown: 2020-07-11 02:19:37 +0000 ===
- Goodbye!
=== puma startup: 2020-07-11 02:19:45 +0000 ===
=== puma startup: 2020-07-11 03:59:13 +0000 ===
=== puma startup: 2020-07-11 04:49:18 +0000 ===
- Gracefully stopping, waiting for requests to finish
=== puma shutdown: 2020-07-11 04:50:28 +0000 ===
- Goodbye!
=== puma startup: 2020-07-11 04:50:30 +0000 ===
- Gracefully stopping, waiting for requests to finish
=== puma shutdown: 2020-07-11 04:56:21 +0000 ===
- Goodbye!
=== puma startup: 2020-07-11 04:56:40 +0000 ===
- Gracefully stopping, waiting for requests to finish
=== puma shutdown: 2020-07-11 04:57:44 +0000 ===
- Goodbye!
=== puma startup: 2020-07-11 05:03:50 +0000 ===
- Gracefully stopping, waiting for requests to finish
=== puma shutdown: 2020-07-11 05:04:27 +0000 ===
- Goodbye!
=== puma startup: 2020-07-11 05:04:41 +0000 ===
- Gracefully stopping, waiting for requests to finish
=== puma shutdown: 2020-07-11 05:05:53 +0000 ===
- Goodbye!
=== puma startup: 2020-07-11 05:21:33 +0000 ===
- Gracefully stopping, waiting for requests to finish
=== puma shutdown: 2020-07-11 05:30:42 +0000 ===
- Goodbye!
=== puma startup: 2020-07-11 05:30:44 +0000 ===
=== puma startup: 2020-07-11 05:34:21 +0000 ===
- Gracefully stopping, waiting for requests to finish
=== puma shutdown: 2020-07-11 09:00:00 +0000 ===
- Goodbye!
=== puma startup: 2020-07-11 13:22:11 +0000 ===
- Gracefully stopping, waiting for requests to finish
=== puma shutdown: 2020-07-11 14:20:14 +0000 ===
- Goodbye!
=== puma startup: 2020-07-11 14:20:24 +0000 ===
- Gracefully stopping, waiting for requests to finish
=== puma shutdown: 2020-07-11 14:39:46 +0000 ===
- Goodbye!
=== puma startup: 2020-07-11 14:39:53 +0000 ===
- Gracefully stopping, waiting for requests to finish
=== puma shutdown: 2020-07-11 15:25:18 +0000 ===
- Goodbye!
=== puma startup: 2020-07-11 15:25:26 +0000 ===
- Gracefully stopping, waiting for requests to finish
=== puma shutdown: 2020-07-11 15:31:01 +0000 ===
- Goodbye!
=== puma startup: 2020-07-11 15:31:10 +0000 ===
- Gracefully stopping, waiting for requests to finish
=== puma shutdown: 2020-07-11 16:13:23 +0000 ===
- Goodbye!
=== puma startup: 2020-07-18 08:33:21 +0000 ===
=== puma startup: 2020-07-18 12:58:54 +0000 ===
- Gracefully stopping, waiting for requests to finish
=== puma shutdown: 2020-07-18 16:32:12 +0000 ===
- Goodbye!
=== puma startup: 2020-07-18 16:32:22 +0000 ===
- Gracefully stopping, waiting for requests to finish
=== puma shutdown: 2020-07-18 16:33:36 +0000 ===
- Goodbye!
=== puma startup: 2020-07-18 16:33:43 +0000 ===
- Gracefully stopping, waiting for requests to finish
=== puma shutdown: 2020-07-18 16:42:34 +0000 ===
- Goodbye!
=== puma startup: 2020-07-18 16:42:42 +0000 ===
- Gracefully stopping, waiting for requests to finish
=== puma shutdown: 2020-07-18 16:43:25 +0000 ===
- Goodbye!
=== puma startup: 2020-07-18 16:43:33 +0000 ===
- Gracefully stopping, waiting for requests to finish
=== puma shutdown: 2020-07-18 16:45:21 +0000 ===
- Goodbye!
=== puma startup: 2020-07-18 16:45:24 +0000 ===
- Gracefully stopping, waiting for requests to finish
=== puma shutdown: 2020-07-18 16:45:39 +0000 ===
- Goodbye!
=== puma startup: 2020-07-18 16:45:49 +0000 ===
- Gracefully stopping, waiting for requests to finish
=== puma shutdown: 2020-07-18 16:48:49 +0000 ===
- Goodbye!
=== puma startup: 2020-07-18 16:48:59 +0000 ===
- Gracefully stopping, waiting for requests to finish
=== puma shutdown: 2020-07-18 16:50:22 +0000 ===
- Goodbye!
=== puma startup: 2020-07-18 16:50:29 +0000 ===
- Gracefully stopping, waiting for requests to finish
=== puma shutdown: 2020-07-18 16:54:46 +0000 ===
- Goodbye!
=== puma startup: 2020-07-19 04:25:28 +0000 ===
- Gracefully stopping, waiting for requests to finish
=== puma shutdown: 2020-07-19 05:24:51 +0000 ===
- Goodbye!
=== puma startup: 2020-07-19 11:06:22 +0000 ===
- Gracefully stopping, waiting for requests to finish
=== puma shutdown: 2020-07-19 11:19:55 +0000 ===
- Goodbye!
=== puma startup: 2020-07-19 11:20:04 +0000 ===
- Gracefully stopping, waiting for requests to finish
=== puma shutdown: 2020-07-19 11:27:37 +0000 ===
- Goodbye!
=== puma startup: 2020-07-19 11:27:44 +0000 ===
- Gracefully stopping, waiting for requests to finish
=== puma shutdown: 2020-07-19 12:10:42 +0000 ===
- Goodbye!
=== puma startup: 2020-07-19 12:11:45 +0000 ===
- Gracefully stopping, waiting for requests to finish
=== puma shutdown: 2020-07-19 12:21:55 +0000 ===
- Goodbye!
=== puma startup: 2020-07-19 12:22:02 +0000 ===
- Gracefully stopping, waiting for requests to finish
=== puma shutdown: 2020-07-19 12:33:05 +0000 ===
- Goodbye!
=== puma startup: 2020-07-19 12:33:12 +0000 ===
- Gracefully stopping, waiting for requests to finish
=== puma shutdown: 2020-07-19 13:17:14 +0000 ===
- Goodbye!
=== puma startup: 2020-07-19 13:17:21 +0000 ===
- Gracefully stopping, waiting for requests to finish
=== puma shutdown: 2020-07-19 15:17:31 +0000 ===
- Goodbye!
=== puma startup: 2020-07-20 12:15:24 +0000 ===
=== puma startup: 2020-07-21 15:59:10 +0000 ===
- Gracefully stopping, waiting for requests to finish
=== puma shutdown: 2020-07-21 15:59:22 +0000 ===
- Goodbye!
=== puma startup: 2020-07-21 15:59:29 +0000 ===
- Gracefully stopping, waiting for requests to finish
=== puma shutdown: 2020-07-21 16:04:11 +0000 ===
- Goodbye!
=== puma startup: 2020-07-21 16:04:18 +0000 ===
- Gracefully stopping, waiting for requests to finish
=== puma shutdown: 2020-07-21 16:04:44 +0000 ===
- Goodbye!
=== puma startup: 2020-07-21 16:04:57 +0000 ===
=== puma startup: 2020-07-21 22:32:15 +0000 ===
- Gracefully stopping, waiting for requests to finish
=== puma shutdown: 2020-07-21 22:38:21 +0000 ===
- Goodbye!
=== puma startup: 2020-07-23 06:32:29 +0000 ===
- Gracefully stopping, waiting for requests to finish
=== puma shutdown: 2020-07-23 09:29:43 +0000 ===
- Goodbye!
=== puma startup: 2020-07-23 09:29:46 +0000 ===
- Gracefully stopping, waiting for requests to finish
=== puma shutdown: 2020-07-23 09:30:10 +0000 ===
- Goodbye!
=== puma startup: 2020-07-23 09:30:17 +0000 ===
=== puma startup: 2020-07-23 10:39:31 +0000 ===
- Gracefully stopping, waiting for requests to finish
=== puma shutdown: 2020-07-23 10:40:10 +0000 ===
- Goodbye!
=== puma startup: 2020-07-23 10:40:19 +0000 ===
- Gracefully stopping, waiting for requests to finish
=== puma shutdown: 2020-07-23 10:40:29 +0000 ===
- Goodbye!
=== puma startup: 2020-07-23 10:40:36 +0000 ===

[1mFrom:[0m /app/app/controllers/users_controller.rb:9 UsersController#show:

    [1;34m6[0m: [32mdef[0m [1;34mshow[0m
    [1;34m7[0m:   @user = [1;34;4mUser[0m.find(params[[33m:id[0m])
    [1;34m8[0m:   binding.pry
 => [1;34m9[0m: [32mend[0m

[0G[1] pry(#<UsersController>)> 
[1mFrom:[0m /app/app/controllers/users_controller.rb:9 UsersController#show:

    [1;34m6[0m: [32mdef[0m [1;34mshow[0m
    [1;34m7[0m:   @user = [1;34;4mUser[0m.find(params[[33m:id[0m])
    [1;34m8[0m:   binding.pry
 => [1;34m9[0m: [32mend[0m

[0G[1] pry(#<UsersController>)> 
[1mFrom:[0m /app/app/controllers/users_controller.rb:9 UsersController#show:

    [1;34m6[0m: [32mdef[0m [1;34mshow[0m
    [1;34m7[0m:   @user = [1;34;4mUser[0m.find(params[[33m:id[0m])
    [1;34m8[0m:   binding.pry
 => [1;34m9[0m: [32mend[0m

[0G[1] pry(#<UsersController>)> - Gracefully stopping, waiting for requests to finish
=== puma startup: 2020-07-23 12:12:36 +0000 ===

[1mFrom:[0m /app/app/controllers/users_controller.rb:9 UsersController#show:

    [1;34m6[0m: [32mdef[0m [1;34mshow[0m
    [1;34m7[0m:   @user = [1;34;4mUser[0m.find(params[[33m:id[0m])
    [1;34m8[0m:   binding.pry
 => [1;34m9[0m: [32mend[0m

[0G[1] pry(#<UsersController>)> 
[2] pry(#<UsersController>)> 
[3] pry(#<UsersController>)> 
[4] pry(#<UsersController>)> 
[5] pry(#<UsersController>)> 
[6] pry(#<UsersController>)> 
[1mFrom:[0m /app/app/controllers/users_controller.rb:9 UsersController#show:

    [1;34m6[0m: [32mdef[0m [1;34mshow[0m
    [1;34m7[0m:   @user = [1;34;4mUser[0m.find(params[[33m:id[0m])
    [1;34m8[0m:   binding.pry
 => [1;34m9[0m: [32mend[0m

[0G[1] pry(#<UsersController>)> 
[2] pry(#<UsersController>)> 
[3] pry(#<UsersController>)> 
[4] pry(#<UsersController>)> - Gracefully stopping, waiting for requests to finish
=== puma startup: 2020-07-23 12:15:49 +0000 ===

[1mFrom:[0m /app/app/controllers/users_controller.rb:9 UsersController#show:

    [1;34m6[0m: [32mdef[0m [1;34mshow[0m
    [1;34m7[0m:   @user = [1;34;4mUser[0m.find(params[[33m:id[0m])
    [1;34m8[0m:   binding.pry
 => [1;34m9[0m: [32mend[0m

[0G[1] pry(#<UsersController>)> 
[2] pry(#<UsersController>)> 
[3] pry(#<UsersController>)> 
[4] pry(#<UsersController>)> 
[5] pry(#<UsersController>)> 
[6] pry(#<UsersController>)> 
[7] pry(#<UsersController>)> 
[8] pry(#<UsersController>)> 
[9] pry(#<UsersController>)> 
[10] pry(#<UsersController>)> 
[11] pry(#<UsersController>)> 
[12] pry(#<UsersController>)> 
[13] pry(#<UsersController>)> 
[14] pry(#<UsersController>)> 
[15] pry(#<UsersController>)> 
[16] pry(#<UsersController>)> - Gracefully stopping, waiting for requests to finish
=== puma startup: 2020-07-23 12:21:03 +0000 ===

[1mFrom:[0m /app/app/controllers/users_controller.rb:5 UsersController#index:

    [1;34m2[0m: [32mdef[0m [1;34mindex[0m
    [1;34m3[0m:   @users = [1;34;4mUser[0m.order([35mcreated_at[0m: [33m:desc[0m)
    [1;34m4[0m:   binding.pry
 => [1;34m5[0m: [32mend[0m

[0G[1] pry(#<UsersController>)> 
[2] pry(#<UsersController>)> 
[3] pry(#<UsersController>)> 
[4] pry(#<UsersController>)> 
[5] pry(#<UsersController>)> 
[6] pry(#<UsersController>)> 
[7] pry(#<UsersController>)> 
[8] pry(#<UsersController>)> 
[9] pry(#<UsersController>)> 
[10] pry(#<UsersController>)> 
[11] pry(#<UsersController>)> 
[12] pry(#<UsersController>)> 
[13] pry(#<UsersController>)> 
[14] pry(#<UsersController>)> 
[15] pry(#<UsersController>)> 
[16] pry(#<UsersController>)> 
[17] pry(#<UsersController>)> 
[18] pry(#<UsersController>)> 
[19] pry(#<UsersController>)> 
[20] pry(#<UsersController>)> 
[21] pry(#<UsersController>)> 
[22] pry(#<UsersController>)> 
[23] pry(#<UsersController>)> 
[24] pry(#<UsersController>)> ll
NameError: undefined local variable or method `ll' for #<UsersController:0x00007f3e4035f658>
Did you mean?  l
from (pry):1:in `index'
[25] pry(#<UsersController>)> 
[26] pry(#<UsersController>)> 
[1mFrom:[0m /app/app/controllers/users_controller.rb:5 UsersController#index:

    [1;34m2[0m: [32mdef[0m [1;34mindex[0m
    [1;34m3[0m:   @users = [1;34;4mUser[0m.order([35mcreated_at[0m: [33m:desc[0m)
    [1;34m4[0m:   binding.pry
 => [1;34m5[0m: [32mend[0m

[0G[K[26] pry(#<UsersController>)> [1] pry(#<UsersController>)> 
[1mFrom:[0m /app/app/controllers/users_controller.rb:5 UsersController#index:

    [1;34m2[0m: [32mdef[0m [1;34mindex[0m
    [1;34m3[0m:   @users = [1;34;4mUser[0m.order([35mcreated_at[0m: [33m:desc[0m)
    [1;34m4[0m:   binding.pry
 => [1;34m5[0m: [32mend[0m

[0G[1] pry(#<UsersController>)> 
[2] pry(#<UsersController>)> 
[3] pry(#<UsersController>)> 
[4] pry(#<UsersController>)> 
[5] pry(#<UsersController>)> 
[6] pry(#<UsersController>)> 
[7] pry(#<UsersController>)> 
[8] pry(#<UsersController>)> 
[9] pry(#<UsersController>)> 
[10] pry(#<UsersController>)> 
[1mFrom:[0m /app/app/controllers/users_controller.rb:5 UsersController#index:

    [1;34m2[0m: [32mdef[0m [1;34mindex[0m
    [1;34m3[0m:   @users = [1;34;4mUser[0m.order([35mcreated_at[0m: [33m:desc[0m)
    [1;34m4[0m:   binding.pry
 => [1;34m5[0m: [32mend[0m

[0G[1] pry(#<UsersController>)> - Gracefully stopping, waiting for requests to finish
=== puma startup: 2020-07-23 12:30:52 +0000 ===

[1mFrom:[0m /app/app/controllers/users_controller.rb:5 UsersController#index:

    [1;34m2[0m: [32mdef[0m [1;34mindex[0m
    [1;34m3[0m:   @users = [1;34;4mUser[0m.order([35mcreated_at[0m: [33m:desc[0m)
    [1;34m4[0m:   binding.pry
 => [1;34m5[0m: [32mend[0m

[0G[1] pry(#<UsersController>)> - Gracefully stopping, waiting for requests to finish
=== puma startup: 2020-07-23 12:31:59 +0000 ===

[1mFrom:[0m /app/app/controllers/users_controller.rb:9 UsersController#show:

    [1;34m6[0m: [32mdef[0m [1;34mshow[0m
    [1;34m7[0m:   @user = [1;34;4mUser[0m.find(params[[33m:id[0m])
    [1;34m8[0m:   binding.pry
 => [1;34m9[0m: [32mend[0m

[0G[1] pry(#<UsersController>)> 
[2] pry(#<UsersController>)> 
[3] pry(#<UsersController>)> 
[4] pry(#<UsersController>)> 
[5] pry(#<UsersController>)> 
[6] pry(#<UsersController>)> 
[7] pry(#<UsersController>)> 
[8] pry(#<UsersController>)> 
[9] pry(#<UsersController>)> 
[10] pry(#<UsersController>)> 
[11] pry(#<UsersController>)> 
[12] pry(#<UsersController>)> 
[13] pry(#<UsersController>)> 
[14] pry(#<UsersController>)> - Gracefully stopping, waiting for requests to finish
=== puma startup: 2020-07-23 12:38:36 +0000 ===

[1mFrom:[0m /app/app/controllers/users_controller.rb:9 UsersController#show:

    [1;34m6[0m: [32mdef[0m [1;34mshow[0m
    [1;34m7[0m:   @user = [1;34;4mUser[0m.find(params[[33m:id[0m])
    [1;34m8[0m:   binding.pry
 => [1;34m9[0m: [32mend[0m

[0G[1] pry(#<UsersController>)> 
[2] pry(#<UsersController>)> 
[3] pry(#<UsersController>)> 
[4] pry(#<UsersController>)> 
[5] pry(#<UsersController>)> 
[6] pry(#<UsersController>)> 
[7] pry(#<UsersController>)> 
[8] pry(#<UsersController>)> 
[9] pry(#<UsersController>)> 
[10] pry(#<UsersController>)> 
[11] pry(#<UsersController>)> 
[12] pry(#<UsersController>)> 
[13] pry(#<UsersController>)> 
[14] pry(#<UsersController>)> 
[15] pry(#<UsersController>)> 
[16] pry(#<UsersController>)> 
[17] pry(#<UsersController>)> - Gracefully stopping, waiting for requests to finish
=== puma startup: 2020-07-23 12:40:43 +0000 ===
- Gracefully stopping, waiting for requests to finish
=== puma shutdown: 2020-07-23 12:57:09 +0000 ===
- Goodbye!
=== puma startup: 2020-07-23 12:57:17 +0000 ===
- Gracefully stopping, waiting for requests to finish
=== puma shutdown: 2020-07-23 16:23:07 +0000 ===
- Goodbye!
=== puma startup: 2020-07-23 16:23:18 +0000 ===
- Gracefully stopping, waiting for requests to finish
=== puma shutdown: 2020-07-23 16:32:15 +0000 ===
- Goodbye!
=== puma startup: 2020-07-23 16:32:28 +0000 ===
- Gracefully stopping, waiting for requests to finish
=== puma shutdown: 2020-07-23 16:33:12 +0000 ===
- Goodbye!
=== puma startup: 2020-07-23 16:33:20 +0000 ===
- Gracefully stopping, waiting for requests to finish
=== puma shutdown: 2020-07-24 04:11:19 +0000 ===
- Goodbye!
=== puma startup: 2020-07-24 04:11:29 +0000 ===
=== puma startup: 2020-07-24 12:46:55 +0000 ===
- Gracefully stopping, waiting for requests to finish
=== puma shutdown: 2020-07-24 12:59:26 +0000 ===
- Goodbye!
=== puma startup: 2020-07-24 12:59:36 +0000 ===
- Gracefully stopping, waiting for requests to finish
=== puma shutdown: 2020-07-24 13:00:45 +0000 ===
- Goodbye!
=== puma startup: 2020-07-24 13:00:52 +0000 ===
- Gracefully stopping, waiting for requests to finish
=== puma shutdown: 2020-07-24 13:04:33 +0000 ===
- Goodbye!
=== puma startup: 2020-07-24 13:04:41 +0000 ===
- Gracefully stopping, waiting for requests to finish
=== puma shutdown: 2020-07-24 13:12:05 +0000 ===
- Goodbye!
=== puma startup: 2020-07-24 13:12:13 +0000 ===
- Gracefully stopping, waiting for requests to finish
=== puma shutdown: 2020-07-24 13:22:21 +0000 ===
- Goodbye!
=== puma startup: 2020-07-24 13:22:29 +0000 ===
- Gracefully stopping, waiting for requests to finish
=== puma shutdown: 2020-07-24 13:23:00 +0000 ===
- Goodbye!
=== puma startup: 2020-07-24 13:23:07 +0000 ===
- Gracefully stopping, waiting for requests to finish
=== puma shutdown: 2020-07-24 16:02:24 +0000 ===
- Goodbye!
=== puma startup: 2020-07-25 04:17:30 +0000 ===
- Gracefully stopping, waiting for requests to finish
=== puma shutdown: 2020-07-25 04:33:38 +0000 ===
- Goodbye!
=== puma startup: 2020-07-25 04:33:48 +0000 ===

[1mFrom:[0m /app/app/controllers/boards_controller.rb:10 BoardsController#show:

     [1;34m6[0m: [32mdef[0m [1;34mshow[0m
     [1;34m7[0m:   @board_id = [1;34;4mBoard[0m.find(params[[33m:id[0m]).id
     [1;34m8[0m:   @board= [1;34;4mBoard[0m.find(params[[33m:id[0m])
     [1;34m9[0m:   binding.pry
 => [1;34m10[0m: [32mend[0m

[0G[1] pry(#<BoardsController>)> 
[2] pry(#<BoardsController>)> [K[2] pry(#<BoardsController>)> ex- Gracefully stopping, waiting for requests to finish
=== puma startup: 2020-07-25 10:58:00 +0000 ===
- Gracefully stopping, waiting for requests to finish
=== puma shutdown: 2020-07-25 11:08:04 +0000 ===
- Goodbye!
=== puma startup: 2020-07-25 11:08:07 +0000 ===

[1mFrom:[0m /app/app/controllers/boards_controller.rb:10 BoardsController#show:

     [1;34m6[0m: [32mdef[0m [1;34mshow[0m
     [1;34m7[0m:   @board_id = [1;34;4mBoard[0m.find(params[[33m:id[0m]).id
     [1;34m8[0m:   @board= [1;34;4mBoard[0m.find(params[[33m:id[0m])
     [1;34m9[0m:   binding.pry
 => [1;34m10[0m: [32mend[0m

[0G[1] pry(#<BoardsController>)> 
[2] pry(#<BoardsController>)> [K[2] pry(#<BoardsController>)> e- Gracefully stopping, waiting for requests to finish
=== puma startup: 2020-07-25 11:14:52 +0000 ===

[1mFrom:[0m /app/app/controllers/boards_controller.rb:10 BoardsController#show:

     [1;34m6[0m: [32mdef[0m [1;34mshow[0m
     [1;34m7[0m:   @board_id = [1;34;4mBoard[0m.find(params[[33m:id[0m]).id
     [1;34m8[0m:   @board= [1;34;4mBoard[0m.find(params[[33m:id[0m])
     [1;34m9[0m:   binding.pry
 => [1;34m10[0m: [32mend[0m

[0G[1] pry(#<BoardsController>)> 
[2] pry(#<BoardsController>)> 
[3] pry(#<BoardsController>)> 
[4] pry(#<BoardsController>)> - Gracefully stopping, waiting for requests to finish
=== puma startup: 2020-07-25 11:17:18 +0000 ===

[1mFrom:[0m /app/app/controllers/boards_controller.rb:9 BoardsController#show:

     [1;34m6[0m: [32mdef[0m [1;34mshow[0m
     [1;34m7[0m:   @board_id = [1;34;4mBoard[0m.find(params[[33m:id[0m]).id
     [1;34m8[0m:   @board= [1;34;4mBoard[0m.find(params[[33m:id[0m])
 =>  [1;34m9[0m:   binding.pry
    [1;34m10[0m: [32mend[0m

[0G[1] pry(#<BoardsController>)> 
[2] pry(#<BoardsController>)> 
[3] pry(#<BoardsController>)> 
[4] pry(#<BoardsController>)> 
[5] pry(#<BoardsController>)> - Gracefully stopping, waiting for requests to finish
=== puma startup: 2020-07-25 11:19:08 +0000 ===

[1mFrom:[0m /app/app/controllers/boards_controller.rb:10 BoardsController#show:

     [1;34m6[0m: [32mdef[0m [1;34mshow[0m
     [1;34m7[0m:   @board_id = [1;34;4mBoard[0m.find(params[[33m:id[0m]).id
     [1;34m8[0m:   @board= [1;34;4mBoard[0m.find(params[[33m:id[0m])
     [1;34m9[0m:   binding.pry
 => [1;34m10[0m: [32mend[0m

[0G[1] pry(#<BoardsController>)> 
[2] pry(#<BoardsController>)> 
[3] pry(#<BoardsController>)> 
[4] pry(#<BoardsController>)> 
[5] pry(#<BoardsController>)> - Gracefully stopping, waiting for requests to finish
=== puma startup: 2020-07-25 11:20:59 +0000 ===

[1mFrom:[0m /app/app/controllers/boards_controller.rb:10 BoardsController#show:

     [1;34m6[0m: [32mdef[0m [1;34mshow[0m
     [1;34m7[0m:   @board_id = [1;34;4mBoard[0m.find(params[[33m:id[0m]).id
     [1;34m8[0m:   @board= [1;34;4mBoard[0m.find(params[[33m:id[0m])
     [1;34m9[0m:   binding.pry
 => [1;34m10[0m: [32mend[0m

[0G[1] pry(#<BoardsController>)> - Gracefully stopping, waiting for requests to finish
=== puma startup: 2020-07-25 11:23:49 +0000 ===

From: /app/app/controllers/boards_controller.rb:10 BoardsController#show:

     6: def show
     7:   @board_id = Board.find(params[:id]).id
     8:   @board= Board.find(params[:id])
     9:   binding.pry
 => 10: end

[0G[1] pry(#<BoardsController>)> 
From: /app/app/controllers/boards_controller.rb:10 BoardsController#show:

     6: def show
     7:   @board_id = Board.find(params[:id]).id
     8:   @board= Board.find(params[:id])
     9:   binding.pry
 => 10: end

[0G[1] pry(#<BoardsController>)> 
From: /app/app/controllers/boards_controller.rb:10 BoardsController#show:

     6: def show
     7:   @board_id = Board.find(params[:id]).id
     8:   @board= Board.find(params[:id])
     9:   binding.pry
 => 10: end

[0G[1] pry(#<BoardsController>)> 
From: /app/app/controllers/boards_controller.rb:10 BoardsController#show:

     6: def show
     7:   @board_id = Board.find(params[:id]).id
     8:   @board= Board.find(params[:id])
     9:   binding.pry
 => 10: end

[0G[1] pry(#<BoardsController>)> 
From: /app/app/controllers/boards_controller.rb:10 BoardsController#show:

     6: def show
     7:   @board_id = Board.find(params[:id]).id
     8:   @board= Board.find(params[:id])
     9:   binding.pry
 => 10: end

[0G[1] pry(#<BoardsController>)> 
From: /app/app/controllers/boards_controller.rb:10 BoardsController#show:

     6: def show
     7:   @board_id = Board.find(params[:id]).id
     8:   @board= Board.find(params[:id])
     9:   binding.pry
 => 10: end

[0G[1] pry(#<BoardsController>)> - Gracefully stopping, waiting for requests to finish
=== puma shutdown: 2020-07-25 11:27:31 +0000 ===
- Goodbye!
=== puma startup: 2020-07-25 11:27:53 +0000 ===

[1mFrom:[0m /app/app/controllers/boards_controller.rb:10 BoardsController#show:

     [1;34m6[0m: [32mdef[0m [1;34mshow[0m
     [1;34m7[0m:   @board_id = [1;34;4mBoard[0m.find(params[[33m:id[0m]).id
     [1;34m8[0m:   @board= [1;34;4mBoard[0m.find(params[[33m:id[0m])
     [1;34m9[0m:   binding.pry
 => [1;34m10[0m: [32mend[0m

[0G[1] pry(#<BoardsController>)> 
[2] pry(#<BoardsController>)> 
[3] pry(#<BoardsController>)> 
[4] pry(#<BoardsController>)> 
[5] pry(#<BoardsController>)> 
[6] pry(#<BoardsController>)> 
[7] pry(#<BoardsController>)> - Gracefully stopping, waiting for requests to finish
=== puma startup: 2020-07-25 11:45:03 +0000 ===

[1mFrom:[0m /app/app/controllers/boards_controller.rb:5 BoardsController#index:

    [1;34m2[0m: [32mdef[0m [1;34mindex[0m
    [1;34m3[0m:   @boards = [1;34;4mBoard[0m.all
    [1;34m4[0m:   binding.pry
 => [1;34m5[0m: [32mend[0m

[0G[1] pry(#<BoardsController>)> 
[2] pry(#<BoardsController>)> 
[3] pry(#<BoardsController>)> 
[4] pry(#<BoardsController>)> 
[5] pry(#<BoardsController>)> 
[6] pry(#<BoardsController>)> 
[7] pry(#<BoardsController>)> 
[8] pry(#<BoardsController>)> 
[9] pry(#<BoardsController>)> 
[10] pry(#<BoardsController>)> - Gracefully stopping, waiting for requests to finish
=== puma startup: 2020-07-25 11:48:15 +0000 ===
- Gracefully stopping, waiting for requests to finish
=== puma shutdown: 2020-07-25 11:55:18 +0000 ===
- Goodbye!
=== puma startup: 2020-07-25 11:55:57 +0000 ===
- Gracefully stopping, waiting for requests to finish
=== puma shutdown: 2020-07-25 11:58:54 +0000 ===
- Goodbye!
=== puma startup: 2020-07-25 12:00:04 +0000 ===

[1mFrom:[0m /app/app/controllers/boards_controller.rb:5 BoardsController#index:

    [1;34m2[0m: [32mdef[0m [1;34mindex[0m
    [1;34m3[0m:   @boards = [1;34;4mBoard[0m.all
    [1;34m4[0m:   binding.pry
 => [1;34m5[0m: [32mend[0m

[0G[1] pry(#<BoardsController>)> 
[2] pry(#<BoardsController>)> 
[3] pry(#<BoardsController>)> 
[1mFrom:[0m /app/app/controllers/boards_controller.rb:5 BoardsController#index:

    [1;34m2[0m: [32mdef[0m [1;34mindex[0m
    [1;34m3[0m:   @boards = [1;34;4mBoard[0m.all
    [1;34m4[0m:   binding.pry
 => [1;34m5[0m: [32mend[0m

[0G[1] pry(#<BoardsController>)> 
[2] pry(#<BoardsController>)> 
[3] pry(#<BoardsController>)> 
[4] pry(#<BoardsController>)> 
[5] pry(#<BoardsController>)> 
[6] pry(#<BoardsController>)> 
[7] pry(#<BoardsController>)> 
[8] pry(#<BoardsController>)> 
[9] pry(#<BoardsController>)> 
[10] pry(#<BoardsController>)> 
[11] pry(#<BoardsController>)> 
[12] pry(#<BoardsController>)> 
[13] pry(#<BoardsController>)> 
[14] pry(#<BoardsController>)> 
[15] pry(#<BoardsController>)> 
[16] pry(#<BoardsController>)> 
[17] pry(#<BoardsController>)> 
[18] pry(#<BoardsController>)> 
[19] pry(#<BoardsController>)> 
[20] pry(#<BoardsController>)> 
[21] pry(#<BoardsController>)> 
[22] pry(#<BoardsController>)> 
[23] pry(#<BoardsController>)> 
[24] pry(#<BoardsController>)> 
[25] pry(#<BoardsController>)> 
[26] pry(#<BoardsController>)> 
[27] pry(#<BoardsController>)> 
[28] pry(#<BoardsController>)> 
[29] pry(#<BoardsController>)> 
[30] pry(#<BoardsController>)> 
[31] pry(#<BoardsController>)> 
[32] pry(#<BoardsController>)> 
[1mFrom:[0m /app/app/controllers/boards_controller.rb:5 BoardsController#index:

    [1;34m2[0m: [32mdef[0m [1;34mindex[0m
    [1;34m3[0m:   @boards = [1;34;4mBoard[0m.all
    [1;34m4[0m:   binding.pry
 => [1;34m5[0m: [32mend[0m

[0G[1] pry(#<BoardsController>)> - Gracefully stopping, waiting for requests to finish
=== puma startup: 2020-07-25 12:08:36 +0000 ===

[1mFrom:[0m /app/app/controllers/boards_controller.rb:5 BoardsController#index:

    [1;34m2[0m: [32mdef[0m [1;34mindex[0m
    [1;34m3[0m:   @boards = [1;34;4mBoard[0m.all
    [1;34m4[0m:   binding.pry
 => [1;34m5[0m: [32mend[0m

[0G[1] pry(#<BoardsController>)> [K[1] pry(#<BoardsController>)> 
[2] pry(#<BoardsController>)> 
[3] pry(#<BoardsController>)> 
[4] pry(#<BoardsController>)> 
[5] pry(#<BoardsController>)> - Gracefully stopping, waiting for requests to finish
=== puma startup: 2020-07-25 12:12:00 +0000 ===

[1mFrom:[0m /app/app/controllers/boards_controller.rb:5 BoardsController#index:

    [1;34m2[0m: [32mdef[0m [1;34mindex[0m
    [1;34m3[0m:   @boards = [1;34;4mBoard[0m.all
    [1;34m4[0m:   binding.pry
 => [1;34m5[0m: [32mend[0m

[0G[1] pry(#<BoardsController>)> 
[2] pry(#<BoardsController>)> 
[3] pry(#<BoardsController>)> 
[4] pry(#<BoardsController>)> 
[5] pry(#<BoardsController>)> 
[6] pry(#<BoardsController>)> 
[7] pry(#<BoardsController>)> 
[8] pry(#<BoardsController>)> 
[9] pry(#<BoardsController>)> 
[10] pry(#<BoardsController>)> 
[11] pry(#<BoardsController>)> 
[12] pry(#<BoardsController>)> 
[13] pry(#<BoardsController>)> 
[14] pry(#<BoardsController>)> 
[15] pry(#<BoardsController>)> 
[16] pry(#<BoardsController>)> 
[17] pry(#<BoardsController>)> [K[17] pry(#<BoardsController>)> 
[18] pry(#<BoardsController>)> 
[19] pry(#<BoardsController>)> 
[1mFrom:[0m /app/app/controllers/boards_controller.rb:5 BoardsController#index:

    [1;34m2[0m: [32mdef[0m [1;34mindex[0m
    [1;34m3[0m:   @boards = [1;34;4mBoard[0m.all
    [1;34m4[0m:   binding.pry
 => [1;34m5[0m: [32mend[0m

[0G[1] pry(#<BoardsController>)> 
[2] pry(#<BoardsController>)> 
[3] pry(#<BoardsController>)> 
[4] pry(#<BoardsController>)> 
[5] pry(#<BoardsController>)> 
[6] pry(#<BoardsController>)> 
[7] pry(#<BoardsController>)> 
[8] pry(#<BoardsController>)> 
[9] pry(#<BoardsController>)> 
[10] pry(#<BoardsController>)> 
[11] pry(#<BoardsController>)> - Gracefully stopping, waiting for requests to finish
=== puma startup: 2020-07-25 12:18:01 +0000 ===

[1mFrom:[0m /app/app/controllers/boards_controller.rb:5 BoardsController#index:

    [1;34m2[0m: [32mdef[0m [1;34mindex[0m
    [1;34m3[0m:   @boards = [1;34;4mBoard[0m.all
    [1;34m4[0m:   binding.pry
 => [1;34m5[0m: [32mend[0m

[0G[1] pry(#<BoardsController>)> 
[2] pry(#<BoardsController>)> 
[3] pry(#<BoardsController>)> 
[4] pry(#<BoardsController>)> 
[5] pry(#<BoardsController>)> 
[6] pry(#<BoardsController>)> 
[7] pry(#<BoardsController>)> 
[8] pry(#<BoardsController>)> 
[9] pry(#<BoardsController>)> 
[10] pry(#<BoardsController>)> 
[11] pry(#<BoardsController>)> 
[12] pry(#<BoardsController>)> 
[13] pry(#<BoardsController>)> 
[14] pry(#<BoardsController>)> 
[15] pry(#<BoardsController>)> z
NameError: undefined local variable or method `z' for #<BoardsController:0x0000558be9901760>
from (pry):1:in `index'
[16] pry(#<BoardsController>)> 
[17] pry(#<BoardsController>)> xa
NameError: undefined local variable or method `xa' for #<BoardsController:0x0000558be9901760>
from (pry):2:in `index'
[18] pry(#<BoardsController>)> s
NameError: undefined local variable or method `s' for #<BoardsController:0x0000558be9901760>
from (pry):3:in `index'
[19] pry(#<BoardsController>)> - Gracefully stopping, waiting for requests to finish
=== puma startup: 2020-07-25 12:22:29 +0000 ===

[1mFrom:[0m /app/app/controllers/boards_controller.rb:5 BoardsController#index:

    [1;34m2[0m: [32mdef[0m [1;34mindex[0m
    [1;34m3[0m:   @boards = [1;34;4mBoard[0m.all
    [1;34m4[0m:   binding.pry
 => [1;34m5[0m: [32mend[0m

[0G[1] pry(#<BoardsController>)> 
[2] pry(#<BoardsController>)> 
[3] pry(#<BoardsController>)> 
[4] pry(#<BoardsController>)> 
[5] pry(#<BoardsController>)> 
[6] pry(#<BoardsController>)> 
[7] pry(#<BoardsController>)> 
[8] pry(#<BoardsController>)> 
[9] pry(#<BoardsController>)> 
[10] pry(#<BoardsController>)> 
[11] pry(#<BoardsController>)> 
[12] pry(#<BoardsController>)> s
NameError: undefined local variable or method `s' for #<BoardsController:0x00007f2b71284e18>
from (pry):1:in `index'
[13] pry(#<BoardsController>)> 
[14] pry(#<BoardsController>)> 
[15] pry(#<BoardsController>)> 
[16] pry(#<BoardsController>)> 
[17] pry(#<BoardsController>)> 
[18] pry(#<BoardsController>)> 
[19] pry(#<BoardsController>)> 
[20] pry(#<BoardsController>)> 
[21] pry(#<BoardsController>)> q
NameError: undefined local variable or method `q' for #<BoardsController:0x00007f2b71284e18>
from (pry):2:in `index'
[22] pry(#<BoardsController>)> q
NameError: undefined local variable or method `q' for #<BoardsController:0x00007f2b71284e18>
from (pry):3:in `index'
[23] pry(#<BoardsController>)> 
[24] pry(#<BoardsController>)> w
NameError: undefined local variable or method `w' for #<BoardsController:0x00007f2b71284e18>
from (pry):4:in `index'
[25] pry(#<BoardsController>)> w
NameError: undefined local variable or method `w' for #<BoardsController:0x00007f2b71284e18>
from (pry):5:in `index'
[26] pry(#<BoardsController>)> e
NameError: undefined local variable or method `e' for #<BoardsController:0x00007f2b71284e18>
from (pry):6:in `index'
[27] pry(#<BoardsController>)> r
NameError: undefined local variable or method `r' for #<BoardsController:0x00007f2b71284e18>
from (pry):7:in `index'
[28] pry(#<BoardsController>)> 
[29] pry(#<BoardsController>)> r
NameError: undefined local variable or method `r' for #<BoardsController:0x00007f2b71284e18>
from (pry):8:in `index'
[30] pry(#<BoardsController>)> t ww:cvieee
NoMethodError: undefined method `ww' for #<BoardsController:0x00007f2b71284e18>
from (pry):9:in `index'
[31] pry(#<BoardsController>)> e
NameError: undefined local variable or method `e' for #<BoardsController:0x00007f2b71284e18>
from (pry):10:in `index'
[32] pry(#<BoardsController>)> 
[33] pry(#<BoardsController>)> q
NameError: undefined local variable or method `q' for #<BoardsController:0x00007f2b71284e18>
from (pry):11:in `index'
[34] pry(#<BoardsController>)> 
[35] pry(#<BoardsController>)> 
[36] pry(#<BoardsController>)> - Gracefully stopping, waiting for requests to finish
=== puma startup: 2020-07-25 12:56:40 +0000 ===
- Gracefully stopping, waiting for requests to finish
=== puma shutdown: 2020-07-26 06:22:17 +0000 ===
- Goodbye!
=== puma startup: 2020-07-26 06:22:27 +0000 ===
- Gracefully stopping, waiting for requests to finish
=== puma shutdown: 2020-07-26 06:27:37 +0000 ===
- Goodbye!
=== puma startup: 2020-07-26 06:27:45 +0000 ===
- Gracefully stopping, waiting for requests to finish
=== puma shutdown: 2020-07-26 06:28:35 +0000 ===
- Goodbye!
=== puma startup: 2020-07-26 06:28:43 +0000 ===
